# JRE version: OpenJDK Runtime Environment (21.0.9+10) (build 21.0.9+10-Ubuntu-125.10)
# Java VM: OpenJDK 64-Bit Server VM (21.0.9+10-Ubuntu-125.10, mixed mode, sharing, tiered, compressed oops, compressed class ptrs, g1 gc, linux-amd64)
GC Precious Log:
 CardTable entry size: 512
 Card Set container configuration: InlinePtr #cards 4 size 8 Array Of Cards #cards 64 size 144 Howl #buckets 8 coarsen threshold 14745 Howl Bitmap #cards 2048 size 272 coarsen threshold 1843 Card regions per heap region 1 cards per card region 16384
 CPUs: 16 total, 16 available
 Memory: 62410M
 Large Page Support: Disabled
 NUMA Support: Disabled
 Compressed Oops: Enabled (Zero based)
 Heap Region Size: 8M
 Heap Min Capacity: 8M
 Heap Initial Capacity: 976M
 Heap Max Capacity: 15608M
 Pre-touch: Disabled
 Parallel Workers: 13
 Concurrent Workers: 3
 Concurrent Refinement Workers: 13
 Periodic GC: Disabled
Heap:
 garbage-first heap   total 139264K, used 73738K [0x0000000430800000, 0x0000000800000000)
  region size 8192K, 8 young (65536K), 2 survivors (16384K)
 Metaspace       used 91071K, committed 91584K, reserved 1179648K
  class space    used 11276K, committed 11520K, reserved 1048576K
GC Heap History (18 events):
Event: 0.406 GC heap before
{Heap before GC invocations=0 (full 0):
 garbage-first heap   total 1007616K, used 42034K [0x0000000430800000, 0x0000000800000000)
  region size 8192K, 6 young (49152K), 0 survivors (0K)
 Metaspace       used 11867K, committed 11968K, reserved 1114112K
  class space    used 1250K, committed 1280K, reserved 1048576K
}
Event: 0.410 GC heap after
{Heap after GC invocations=1 (full 0):
 garbage-first heap   total 1007616K, used 15536K [0x0000000430800000, 0x0000000800000000)
  region size 8192K, 1 young (8192K), 1 survivors (8192K)
 Metaspace       used 11867K, committed 11968K, reserved 1114112K
  class space    used 1250K, committed 1280K, reserved 1048576K
}
Event: 0.735 GC heap before
{Heap before GC invocations=1 (full 0):
 garbage-first heap   total 1007616K, used 48304K [0x0000000430800000, 0x0000000800000000)
  region size 8192K, 6 young (49152K), 1 survivors (8192K)
 Metaspace       used 21255K, committed 21504K, reserved 1114112K
  class space    used 2554K, committed 2688K, reserved 1048576K
}
Event: 0.737 GC heap after
{Heap after GC invocations=2 (full 0):
 garbage-first heap   total 1007616K, used 16539K [0x0000000430800000, 0x0000000800000000)
  region size 8192K, 1 young (8192K), 1 survivors (8192K)
 Metaspace       used 21255K, committed 21504K, reserved 1114112K
  class space    used 2554K, committed 2688K, reserved 1048576K
}
Event: 1.192 GC heap before
{Heap before GC invocations=3 (full 0):
 garbage-first heap   total 114688K, used 65691K [0x0000000430800000, 0x0000000800000000)
  region size 8192K, 7 young (57344K), 1 survivors (8192K)
 Metaspace       used 33279K, committed 33664K, reserved 1114112K
  class space    used 4120K, committed 4288K, reserved 1048576K
}
Event: 1.195 GC heap after
{Heap after GC invocations=4 (full 0):
 garbage-first heap   total 114688K, used 20050K [0x0000000430800000, 0x0000000800000000)
  region size 8192K, 1 young (8192K), 1 survivors (8192K)
 Metaspace       used 33279K, committed 33664K, reserved 1114112K
  class space    used 4120K, committed 4288K, reserved 1048576K
}
Event: 1.302 GC heap before
{Heap before GC invocations=4 (full 0):
 garbage-first heap   total 114688K, used 28242K [0x0000000430800000, 0x0000000800000000)
  region size 8192K, 3 young (24576K), 1 survivors (8192K)
 Metaspace       used 35618K, committed 35968K, reserved 1114112K
  class space    used 4372K, committed 4544K, reserved 1048576K
}
Event: 1.308 GC heap after
{Heap after GC invocations=5 (full 0):
 garbage-first heap   total 114688K, used 20849K [0x0000000430800000, 0x0000000800000000)
  region size 8192K, 1 young (8192K), 1 survivors (8192K)
 Metaspace       used 35618K, committed 35968K, reserved 1114112K
  class space    used 4372K, committed 4544K, reserved 1048576K
}
Event: 1.319 GC heap before
{Heap before GC invocations=5 (full 0):
 garbage-first heap   total 114688K, used 20849K [0x0000000430800000, 0x0000000800000000)
  region size 8192K, 2 young (16384K), 1 survivors (8192K)
 Metaspace       used 35918K, committed 36288K, reserved 1114112K
  class space    used 4409K, committed 4544K, reserved 1048576K
}
Event: 1.324 GC heap after
{Heap after GC invocations=6 (full 0):
 garbage-first heap   total 114688K, used 20787K [0x0000000430800000, 0x0000000800000000)
  region size 8192K, 1 young (8192K), 1 survivors (8192K)
 Metaspace       used 35918K, committed 36288K, reserved 1114112K
  class space    used 4409K, committed 4544K, reserved 1048576K
}
Event: 1.697 GC heap before
{Heap before GC invocations=7 (full 0):
 garbage-first heap   total 114688K, used 69939K [0x0000000430800000, 0x0000000800000000)
  region size 8192K, 7 young (57344K), 1 survivors (8192K)
 Metaspace       used 47505K, committed 47936K, reserved 1114112K
  class space    used 5837K, committed 6016K, reserved 1048576K
}
Event: 1.700 GC heap after
{Heap after GC invocations=8 (full 0):
 garbage-first heap   total 114688K, used 24161K [0x0000000430800000, 0x0000000800000000)
  region size 8192K, 1 young (8192K), 1 survivors (8192K)
 Metaspace       used 47505K, committed 47936K, reserved 1114112K
  class space    used 5837K, committed 6016K, reserved 1048576K
}
Event: 1.942 GC heap before
{Heap before GC invocations=8 (full 0):
 garbage-first heap   total 114688K, used 73313K [0x0000000430800000, 0x0000000800000000)
  region size 8192K, 7 young (57344K), 1 survivors (8192K)
 Metaspace       used 59625K, committed 60096K, reserved 1114112K
  class space    used 7291K, committed 7488K, reserved 1048576K
}
Event: 1.948 GC heap after
{Heap after GC invocations=9 (full 0):
 garbage-first heap   total 114688K, used 25927K [0x0000000430800000, 0x0000000800000000)
  region size 8192K, 1 young (8192K), 1 survivors (8192K)
 Metaspace       used 59625K, committed 60096K, reserved 1114112K
  class space    used 7291K, committed 7488K, reserved 1048576K
}
Event: 1.973 GC heap before
{Heap before GC invocations=9 (full 0):
 garbage-first heap   total 114688K, used 25927K [0x0000000430800000, 0x0000000800000000)
  region size 8192K, 2 young (16384K), 1 survivors (8192K)
 Metaspace       used 60287K, committed 60736K, reserved 1114112K
  class space    used 7369K, committed 7616K, reserved 1048576K
}
Event: 1.976 GC heap after
{Heap after GC invocations=10 (full 0):
 garbage-first heap   total 557056K, used 26680K [0x0000000430800000, 0x0000000800000000)
  region size 8192K, 1 young (8192K), 1 survivors (8192K)
 Metaspace       used 60287K, committed 60736K, reserved 1114112K
  class space    used 7369K, committed 7616K, reserved 1048576K
}
Event: 2.603 GC heap before
{Heap before GC invocations=11 (full 0):
 garbage-first heap   total 139264K, used 100408K [0x0000000430800000, 0x0000000800000000)
  region size 8192K, 10 young (81920K), 1 survivors (8192K)
 Metaspace       used 79637K, committed 80128K, reserved 1179648K
  class space    used 9797K, committed 9984K, reserved 1048576K
}
Event: 2.606 GC heap after
{Heap after GC invocations=12 (full 0):
 garbage-first heap   total 139264K, used 32778K [0x0000000430800000, 0x0000000800000000)
  region size 8192K, 2 young (16384K), 2 survivors (16384K)
 Metaspace       used 79637K, committed 80128K, reserved 1179648K
  class space    used 9797K, committed 9984K, reserved 1048576K
}

