# JRE version: OpenJDK Runtime Environment (21.0.9+10) (build 21.0.9+10-Ubuntu-125.10)
# Java VM: OpenJDK 64-Bit Server VM (21.0.9+10-Ubuntu-125.10, mixed mode, sharing, tiered, compressed oops, compressed class ptrs, g1 gc, linux-amd64)
GC Precious Log:
 CardTable entry size: 512
 Card Set container configuration: InlinePtr #cards 4 size 8 Array Of Cards #cards 64 size 144 Howl #buckets 8 coarsen threshold 14745 Howl Bitmap #cards 2048 size 272 coarsen threshold 1843 Card regions per heap region 1 cards per card region 16384
 CPUs: 16 total, 16 available
 Memory: 62410M
 Large Page Support: Disabled
 NUMA Support: Disabled
 Compressed Oops: Enabled (Zero based)
 Heap Region Size: 8M
 Heap Min Capacity: 8M
 Heap Initial Capacity: 976M
 Heap Max Capacity: 15608M
 Pre-touch: Disabled
 Parallel Workers: 13
 Concurrent Workers: 3
 Concurrent Refinement Workers: 13
 Periodic GC: Disabled
Heap:
 garbage-first heap   total 131072K, used 74158K [0x0000000430800000, 0x0000000800000000)
  region size 8192K, 8 young (65536K), 2 survivors (16384K)
 Metaspace       used 91074K, committed 91584K, reserved 1179648K
  class space    used 11278K, committed 11520K, reserved 1048576K
GC Heap History (18 events):
Event: 0.462 GC heap before
{Heap before GC invocations=0 (full 0):
 garbage-first heap   total 1007616K, used 42034K [0x0000000430800000, 0x0000000800000000)
  region size 8192K, 6 young (49152K), 0 survivors (0K)
 Metaspace       used 11859K, committed 11968K, reserved 1114112K
  class space    used 1250K, committed 1280K, reserved 1048576K
}
Event: 0.466 GC heap after
{Heap after GC invocations=1 (full 0):
 garbage-first heap   total 1007616K, used 15350K [0x0000000430800000, 0x0000000800000000)
  region size 8192K, 1 young (8192K), 1 survivors (8192K)
 Metaspace       used 11859K, committed 11968K, reserved 1114112K
  class space    used 1250K, committed 1280K, reserved 1048576K
}
Event: 0.778 GC heap before
{Heap before GC invocations=1 (full 0):
 garbage-first heap   total 1007616K, used 48118K [0x0000000430800000, 0x0000000800000000)
  region size 8192K, 6 young (49152K), 1 survivors (8192K)
 Metaspace       used 21284K, committed 21504K, reserved 1114112K
  class space    used 2559K, committed 2688K, reserved 1048576K
}
Event: 0.782 GC heap after
{Heap after GC invocations=2 (full 0):
 garbage-first heap   total 1007616K, used 16753K [0x0000000430800000, 0x0000000800000000)
  region size 8192K, 1 young (8192K), 1 survivors (8192K)
 Metaspace       used 21284K, committed 21504K, reserved 1114112K
  class space    used 2559K, committed 2688K, reserved 1048576K
}
Event: 1.335 GC heap before
{Heap before GC invocations=3 (full 0):
 garbage-first heap   total 114688K, used 65905K [0x0000000430800000, 0x0000000800000000)
  region size 8192K, 7 young (57344K), 1 survivors (8192K)
 Metaspace       used 33372K, committed 33728K, reserved 1114112K
  class space    used 4135K, committed 4288K, reserved 1048576K
}
Event: 1.343 GC heap after
{Heap after GC invocations=4 (full 0):
 garbage-first heap   total 114688K, used 20173K [0x0000000430800000, 0x0000000800000000)
  region size 8192K, 1 young (8192K), 1 survivors (8192K)
 Metaspace       used 33372K, committed 33728K, reserved 1114112K
  class space    used 4135K, committed 4288K, reserved 1048576K
}
Event: 1.499 GC heap before
{Heap before GC invocations=4 (full 0):
 garbage-first heap   total 114688K, used 28365K [0x0000000430800000, 0x0000000800000000)
  region size 8192K, 3 young (24576K), 1 survivors (8192K)
 Metaspace       used 35909K, committed 36288K, reserved 1114112K
  class space    used 4409K, committed 4544K, reserved 1048576K
}
Event: 1.507 GC heap after
{Heap after GC invocations=5 (full 0):
 garbage-first heap   total 114688K, used 20864K [0x0000000430800000, 0x0000000800000000)
  region size 8192K, 1 young (8192K), 1 survivors (8192K)
 Metaspace       used 35909K, committed 36288K, reserved 1114112K
  class space    used 4409K, committed 4544K, reserved 1048576K
}
Event: 1.523 GC heap before
{Heap before GC invocations=5 (full 0):
 garbage-first heap   total 114688K, used 20864K [0x0000000430800000, 0x0000000800000000)
  region size 8192K, 2 young (16384K), 1 survivors (8192K)
 Metaspace       used 36223K, committed 36608K, reserved 1114112K
  class space    used 4469K, committed 4608K, reserved 1048576K
}
Event: 1.525 GC heap after
{Heap after GC invocations=6 (full 0):
 garbage-first heap   total 114688K, used 21153K [0x0000000430800000, 0x0000000800000000)
  region size 8192K, 1 young (8192K), 1 survivors (8192K)
 Metaspace       used 36223K, committed 36608K, reserved 1114112K
  class space    used 4469K, committed 4608K, reserved 1048576K
}
Event: 1.874 GC heap before
{Heap before GC invocations=7 (full 0):
 garbage-first heap   total 114688K, used 70305K [0x0000000430800000, 0x0000000800000000)
  region size 8192K, 7 young (57344K), 1 survivors (8192K)
 Metaspace       used 47903K, committed 48320K, reserved 1114112K
  class space    used 5892K, committed 6080K, reserved 1048576K
}
Event: 1.877 GC heap after
{Heap after GC invocations=8 (full 0):
 garbage-first heap   total 557056K, used 24092K [0x0000000430800000, 0x0000000800000000)
  region size 8192K, 1 young (8192K), 1 survivors (8192K)
 Metaspace       used 47903K, committed 48320K, reserved 1114112K
  class space    used 5892K, committed 6080K, reserved 1048576K
}
Event: 2.173 GC heap before
{Heap before GC invocations=8 (full 0):
 garbage-first heap   total 557056K, used 81436K [0x0000000430800000, 0x0000000800000000)
  region size 8192K, 9 young (73728K), 1 survivors (8192K)
 Metaspace       used 60864K, committed 61248K, reserved 1114112K
  class space    used 7430K, committed 7616K, reserved 1048576K
}
Event: 2.177 GC heap after
{Heap after GC invocations=9 (full 0):
 garbage-first heap   total 557056K, used 26160K [0x0000000430800000, 0x0000000800000000)
  region size 8192K, 1 young (8192K), 1 survivors (8192K)
 Metaspace       used 60864K, committed 61248K, reserved 1114112K
  class space    used 7430K, committed 7616K, reserved 1048576K
}
Event: 2.193 GC heap before
{Heap before GC invocations=9 (full 0):
 garbage-first heap   total 557056K, used 26160K [0x0000000430800000, 0x0000000800000000)
  region size 8192K, 2 young (16384K), 1 survivors (8192K)
 Metaspace       used 61089K, committed 61568K, reserved 1114112K
  class space    used 7460K, committed 7680K, reserved 1048576K
}
Event: 2.195 GC heap after
{Heap after GC invocations=10 (full 0):
 garbage-first heap   total 557056K, used 26526K [0x0000000430800000, 0x0000000800000000)
  region size 8192K, 1 young (8192K), 1 survivors (8192K)
 Metaspace       used 61089K, committed 61568K, reserved 1114112K
  class space    used 7460K, committed 7680K, reserved 1048576K
}
Event: 2.824 GC heap before
{Heap before GC invocations=11 (full 0):
 garbage-first heap   total 114688K, used 108446K [0x0000000430800000, 0x0000000800000000)
  region size 8192K, 11 young (90112K), 1 survivors (8192K)
 Metaspace       used 82963K, committed 83456K, reserved 1179648K
  class space    used 10252K, committed 10432K, reserved 1048576K
}
Event: 2.830 GC heap after
{Heap after GC invocations=12 (full 0):
 garbage-first heap   total 131072K, used 33198K [0x0000000430800000, 0x0000000800000000)
  region size 8192K, 2 young (16384K), 2 survivors (16384K)
 Metaspace       used 82963K, committed 83456K, reserved 1179648K
  class space    used 10252K, committed 10432K, reserved 1048576K
}

