# JRE version: OpenJDK Runtime Environment (21.0.9+10) (build 21.0.9+10-Ubuntu-125.10)
# Java VM: OpenJDK 64-Bit Server VM (21.0.9+10-Ubuntu-125.10, mixed mode, sharing, tiered, compressed oops, compressed class ptrs, g1 gc, linux-amd64)
GC Precious Log:
 CardTable entry size: 512
 Card Set container configuration: InlinePtr #cards 4 size 8 Array Of Cards #cards 64 size 144 Howl #buckets 8 coarsen threshold 14745 Howl Bitmap #cards 2048 size 272 coarsen threshold 1843 Card regions per heap region 1 cards per card region 16384
 CPUs: 16 total, 16 available
 Memory: 62410M
 Large Page Support: Disabled
 NUMA Support: Disabled
 Compressed Oops: Enabled (Zero based)
 Heap Region Size: 8M
 Heap Min Capacity: 8M
 Heap Initial Capacity: 976M
 Heap Max Capacity: 15608M
 Pre-touch: Disabled
 Parallel Workers: 13
 Concurrent Workers: 3
 Concurrent Refinement Workers: 13
 Periodic GC: Disabled
Heap:
 garbage-first heap   total 114688K, used 44294K [0x0000000430800000, 0x0000000800000000)
  region size 8192K, 3 young (24576K), 1 survivors (8192K)
 Metaspace       used 91084K, committed 91584K, reserved 1179648K
  class space    used 11277K, committed 11520K, reserved 1048576K
GC Heap History (20 events):
Event: 0.351 GC heap before
{Heap before GC invocations=0 (full 0):
 garbage-first heap   total 1007616K, used 50226K [0x0000000430800000, 0x0000000800000000)
  region size 8192K, 6 young (49152K), 0 survivors (0K)
 Metaspace       used 11494K, committed 11712K, reserved 1114112K
  class space    used 1204K, committed 1280K, reserved 1048576K
}
Event: 0.355 GC heap after
{Heap after GC invocations=1 (full 0):
 garbage-first heap   total 1007616K, used 15258K [0x0000000430800000, 0x0000000800000000)
  region size 8192K, 1 young (8192K), 1 survivors (8192K)
 Metaspace       used 11494K, committed 11712K, reserved 1114112K
  class space    used 1204K, committed 1280K, reserved 1048576K
}
Event: 0.649 GC heap before
{Heap before GC invocations=1 (full 0):
 garbage-first heap   total 1007616K, used 39834K [0x0000000430800000, 0x0000000800000000)
  region size 8192K, 6 young (49152K), 1 survivors (8192K)
 Metaspace       used 21297K, committed 21504K, reserved 1114112K
  class space    used 2559K, committed 2688K, reserved 1048576K
}
Event: 0.652 GC heap after
{Heap after GC invocations=2 (full 0):
 garbage-first heap   total 1007616K, used 16621K [0x0000000430800000, 0x0000000800000000)
  region size 8192K, 1 young (8192K), 1 survivors (8192K)
 Metaspace       used 21297K, committed 21504K, reserved 1114112K
  class space    used 2559K, committed 2688K, reserved 1048576K
}
Event: 1.110 GC heap before
{Heap before GC invocations=3 (full 0):
 garbage-first heap   total 114688K, used 65773K [0x0000000430800000, 0x0000000800000000)
  region size 8192K, 7 young (57344K), 1 survivors (8192K)
 Metaspace       used 33546K, committed 33856K, reserved 1114112K
  class space    used 4139K, committed 4288K, reserved 1048576K
}
Event: 1.123 GC heap after
{Heap after GC invocations=4 (full 0):
 garbage-first heap   total 114688K, used 20096K [0x0000000430800000, 0x0000000800000000)
  region size 8192K, 1 young (8192K), 1 survivors (8192K)
 Metaspace       used 33546K, committed 33856K, reserved 1114112K
  class space    used 4139K, committed 4288K, reserved 1048576K
}
Event: 1.238 GC heap before
{Heap before GC invocations=4 (full 0):
 garbage-first heap   total 114688K, used 28288K [0x0000000430800000, 0x0000000800000000)
  region size 8192K, 3 young (24576K), 1 survivors (8192K)
 Metaspace       used 35874K, committed 36160K, reserved 1114112K
  class space    used 4402K, committed 4544K, reserved 1048576K
}
Event: 1.247 GC heap after
{Heap after GC invocations=5 (full 0):
 garbage-first heap   total 114688K, used 20686K [0x0000000430800000, 0x0000000800000000)
  region size 8192K, 1 young (8192K), 1 survivors (8192K)
 Metaspace       used 35874K, committed 36160K, reserved 1114112K
  class space    used 4402K, committed 4544K, reserved 1048576K
}
Event: 1.264 GC heap before
{Heap before GC invocations=5 (full 0):
 garbage-first heap   total 114688K, used 20686K [0x0000000430800000, 0x0000000800000000)
  region size 8192K, 2 young (16384K), 1 survivors (8192K)
 Metaspace       used 36138K, committed 36480K, reserved 1114112K
  class space    used 4449K, committed 4608K, reserved 1048576K
}
Event: 1.266 GC heap after
{Heap after GC invocations=6 (full 0):
 garbage-first heap   total 114688K, used 20734K [0x0000000430800000, 0x0000000800000000)
  region size 8192K, 1 young (8192K), 1 survivors (8192K)
 Metaspace       used 36138K, committed 36480K, reserved 1114112K
  class space    used 4449K, committed 4608K, reserved 1048576K
}
Event: 1.626 GC heap before
{Heap before GC invocations=7 (full 0):
 garbage-first heap   total 114688K, used 69886K [0x0000000430800000, 0x0000000800000000)
  region size 8192K, 7 young (57344K), 1 survivors (8192K)
 Metaspace       used 47604K, committed 48000K, reserved 1114112K
  class space    used 5846K, committed 6016K, reserved 1048576K
}
Event: 1.629 GC heap after
{Heap after GC invocations=8 (full 0):
 garbage-first heap   total 557056K, used 23971K [0x0000000430800000, 0x0000000800000000)
  region size 8192K, 1 young (8192K), 1 survivors (8192K)
 Metaspace       used 47604K, committed 48000K, reserved 1114112K
  class space    used 5846K, committed 6016K, reserved 1048576K
}
Event: 1.921 GC heap before
{Heap before GC invocations=8 (full 0):
 garbage-first heap   total 557056K, used 81315K [0x0000000430800000, 0x0000000800000000)
  region size 8192K, 9 young (73728K), 1 survivors (8192K)
 Metaspace       used 60673K, committed 61120K, reserved 1114112K
  class space    used 7417K, committed 7616K, reserved 1048576K
}
Event: 1.926 GC heap after
{Heap after GC invocations=9 (full 0):
 garbage-first heap   total 557056K, used 26399K [0x0000000430800000, 0x0000000800000000)
  region size 8192K, 1 young (8192K), 1 survivors (8192K)
 Metaspace       used 60673K, committed 61120K, reserved 1114112K
  class space    used 7417K, committed 7616K, reserved 1048576K
}
Event: 1.942 GC heap before
{Heap before GC invocations=9 (full 0):
 garbage-first heap   total 557056K, used 26399K [0x0000000430800000, 0x0000000800000000)
  region size 8192K, 2 young (16384K), 1 survivors (8192K)
 Metaspace       used 60960K, committed 61440K, reserved 1114112K
  class space    used 7435K, committed 7680K, reserved 1048576K
}
Event: 1.945 GC heap after
{Heap after GC invocations=10 (full 0):
 garbage-first heap   total 557056K, used 26387K [0x0000000430800000, 0x0000000800000000)
  region size 8192K, 1 young (8192K), 1 survivors (8192K)
 Metaspace       used 60960K, committed 61440K, reserved 1114112K
  class space    used 7435K, committed 7680K, reserved 1048576K
}
Event: 2.354 GC heap before
{Heap before GC invocations=11 (full 0):
 garbage-first heap   total 114688K, used 83731K [0x0000000430800000, 0x0000000800000000)
  region size 8192K, 8 young (65536K), 1 survivors (8192K)
 Metaspace       used 73971K, committed 74432K, reserved 1114112K
  class space    used 9253K, committed 9472K, reserved 1048576K
}
Event: 2.359 GC heap after
{Heap after GC invocations=12 (full 0):
 garbage-first heap   total 114688K, used 31909K [0x0000000430800000, 0x0000000800000000)
  region size 8192K, 1 young (8192K), 1 survivors (8192K)
 Metaspace       used 73971K, committed 74432K, reserved 1114112K
  class space    used 9253K, committed 9472K, reserved 1048576K
}
Event: 2.835 GC heap before
{Heap before GC invocations=12 (full 0):
 garbage-first heap   total 114688K, used 81061K [0x0000000430800000, 0x0000000800000000)
  region size 8192K, 7 young (57344K), 1 survivors (8192K)
 Metaspace       used 87853K, committed 88320K, reserved 1179648K
  class space    used 10905K, committed 11136K, reserved 1048576K
}
Event: 2.841 GC heap after
{Heap after GC invocations=13 (full 0):
 garbage-first heap   total 114688K, used 36102K [0x0000000430800000, 0x0000000800000000)
  region size 8192K, 1 young (8192K), 1 survivors (8192K)
 Metaspace       used 87853K, committed 88320K, reserved 1179648K
  class space    used 10905K, committed 11136K, reserved 1048576K
}

