# JRE version: OpenJDK Runtime Environment (21.0.9+10) (build 21.0.9+10-Ubuntu-125.10)
# Java VM: OpenJDK 64-Bit Server VM (21.0.9+10-Ubuntu-125.10, mixed mode, sharing, tiered, compressed oops, compressed class ptrs, g1 gc, linux-amd64)
GC Precious Log:
 CardTable entry size: 512
 Card Set container configuration: InlinePtr #cards 4 size 8 Array Of Cards #cards 64 size 144 Howl #buckets 8 coarsen threshold 14745 Howl Bitmap #cards 2048 size 272 coarsen threshold 1843 Card regions per heap region 1 cards per card region 16384
 CPUs: 16 total, 16 available
 Memory: 62410M
 Large Page Support: Disabled
 NUMA Support: Disabled
 Compressed Oops: Enabled (Zero based)
 Heap Region Size: 8M
 Heap Min Capacity: 8M
 Heap Initial Capacity: 976M
 Heap Max Capacity: 15608M
 Pre-touch: Disabled
 Parallel Workers: 13
 Concurrent Workers: 3
 Concurrent Refinement Workers: 13
 Periodic GC: Disabled
Heap:
 garbage-first heap   total 155648K, used 52206K [0x0000000430800000, 0x0000000800000000)
  region size 8192K, 5 young (40960K), 2 survivors (16384K)
 Metaspace       used 91105K, committed 91584K, reserved 1179648K
  class space    used 11283K, committed 11520K, reserved 1048576K
GC Heap History (18 events):
Event: 0.432 GC heap before
{Heap before GC invocations=0 (full 0):
 garbage-first heap   total 1007616K, used 50226K [0x0000000430800000, 0x0000000800000000)
  region size 8192K, 6 young (49152K), 0 survivors (0K)
 Metaspace       used 11106K, committed 11328K, reserved 1114112K
  class space    used 1191K, committed 1280K, reserved 1048576K
}
Event: 0.435 GC heap after
{Heap after GC invocations=1 (full 0):
 garbage-first heap   total 1007616K, used 15369K [0x0000000430800000, 0x0000000800000000)
  region size 8192K, 1 young (8192K), 1 survivors (8192K)
 Metaspace       used 11106K, committed 11328K, reserved 1114112K
  class space    used 1191K, committed 1280K, reserved 1048576K
}
Event: 0.762 GC heap before
{Heap before GC invocations=1 (full 0):
 garbage-first heap   total 1007616K, used 39945K [0x0000000430800000, 0x0000000800000000)
  region size 8192K, 6 young (49152K), 1 survivors (8192K)
 Metaspace       used 21269K, committed 21504K, reserved 1114112K
  class space    used 2559K, committed 2688K, reserved 1048576K
}
Event: 0.765 GC heap after
{Heap after GC invocations=2 (full 0):
 garbage-first heap   total 1007616K, used 16802K [0x0000000430800000, 0x0000000800000000)
  region size 8192K, 1 young (8192K), 1 survivors (8192K)
 Metaspace       used 21269K, committed 21504K, reserved 1114112K
  class space    used 2559K, committed 2688K, reserved 1048576K
}
Event: 1.221 GC heap before
{Heap before GC invocations=3 (full 0):
 garbage-first heap   total 114688K, used 65954K [0x0000000430800000, 0x0000000800000000)
  region size 8192K, 7 young (57344K), 1 survivors (8192K)
 Metaspace       used 33520K, committed 33856K, reserved 1114112K
  class space    used 4139K, committed 4288K, reserved 1048576K
}
Event: 1.224 GC heap after
{Heap after GC invocations=4 (full 0):
 garbage-first heap   total 114688K, used 20051K [0x0000000430800000, 0x0000000800000000)
  region size 8192K, 1 young (8192K), 1 survivors (8192K)
 Metaspace       used 33520K, committed 33856K, reserved 1114112K
  class space    used 4139K, committed 4288K, reserved 1048576K
}
Event: 1.344 GC heap before
{Heap before GC invocations=4 (full 0):
 garbage-first heap   total 114688K, used 28243K [0x0000000430800000, 0x0000000800000000)
  region size 8192K, 3 young (24576K), 1 survivors (8192K)
 Metaspace       used 35957K, committed 36288K, reserved 1114112K
  class space    used 4422K, committed 4608K, reserved 1048576K
}
Event: 1.348 GC heap after
{Heap after GC invocations=5 (full 0):
 garbage-first heap   total 114688K, used 21120K [0x0000000430800000, 0x0000000800000000)
  region size 8192K, 1 young (8192K), 1 survivors (8192K)
 Metaspace       used 35957K, committed 36288K, reserved 1114112K
  class space    used 4422K, committed 4608K, reserved 1048576K
}
Event: 1.362 GC heap before
{Heap before GC invocations=5 (full 0):
 garbage-first heap   total 114688K, used 21120K [0x0000000430800000, 0x0000000800000000)
  region size 8192K, 2 young (16384K), 1 survivors (8192K)
 Metaspace       used 36267K, committed 36608K, reserved 1114112K
  class space    used 4478K, committed 4672K, reserved 1048576K
}
Event: 1.365 GC heap after
{Heap after GC invocations=6 (full 0):
 garbage-first heap   total 114688K, used 21166K [0x0000000430800000, 0x0000000800000000)
  region size 8192K, 1 young (8192K), 1 survivors (8192K)
 Metaspace       used 36267K, committed 36608K, reserved 1114112K
  class space    used 4478K, committed 4672K, reserved 1048576K
}
Event: 1.796 GC heap before
{Heap before GC invocations=7 (full 0):
 garbage-first heap   total 114688K, used 70318K [0x0000000430800000, 0x0000000800000000)
  region size 8192K, 7 young (57344K), 1 survivors (8192K)
 Metaspace       used 48008K, committed 48512K, reserved 1114112K
  class space    used 5907K, committed 6144K, reserved 1048576K
}
Event: 1.798 GC heap after
{Heap after GC invocations=8 (full 0):
 garbage-first heap   total 114688K, used 24312K [0x0000000430800000, 0x0000000800000000)
  region size 8192K, 1 young (8192K), 1 survivors (8192K)
 Metaspace       used 48008K, committed 48512K, reserved 1114112K
  class space    used 5907K, committed 6144K, reserved 1048576K
}
Event: 2.033 GC heap before
{Heap before GC invocations=8 (full 0):
 garbage-first heap   total 114688K, used 73464K [0x0000000430800000, 0x0000000800000000)
  region size 8192K, 7 young (57344K), 1 survivors (8192K)
 Metaspace       used 59908K, committed 60416K, reserved 1114112K
  class space    used 7329K, committed 7552K, reserved 1048576K
}
Event: 2.036 GC heap after
{Heap after GC invocations=9 (full 0):
 garbage-first heap   total 114688K, used 26013K [0x0000000430800000, 0x0000000800000000)
  region size 8192K, 1 young (8192K), 1 survivors (8192K)
 Metaspace       used 59908K, committed 60416K, reserved 1114112K
  class space    used 7329K, committed 7552K, reserved 1048576K
}
Event: 2.083 GC heap before
{Heap before GC invocations=9 (full 0):
 garbage-first heap   total 114688K, used 26013K [0x0000000430800000, 0x0000000800000000)
  region size 8192K, 2 young (16384K), 1 survivors (8192K)
 Metaspace       used 60931K, committed 61376K, reserved 1114112K
  class space    used 7438K, committed 7680K, reserved 1048576K
}
Event: 2.086 GC heap after
{Heap after GC invocations=10 (full 0):
 garbage-first heap   total 557056K, used 26664K [0x0000000430800000, 0x0000000800000000)
  region size 8192K, 1 young (8192K), 1 survivors (8192K)
 Metaspace       used 60931K, committed 61376K, reserved 1114112K
  class space    used 7438K, committed 7680K, reserved 1048576K
}
Event: 3.045 GC heap before
{Heap before GC invocations=11 (full 0):
 garbage-first heap   total 139264K, used 124968K [0x0000000430800000, 0x0000000800000000)
  region size 8192K, 13 young (106496K), 1 survivors (8192K)
 Metaspace       used 87341K, committed 87872K, reserved 1179648K
  class space    used 10832K, committed 11072K, reserved 1048576K
}
Event: 3.052 GC heap after
{Heap after GC invocations=12 (full 0):
 garbage-first heap   total 155648K, used 35822K [0x0000000430800000, 0x0000000800000000)
  region size 8192K, 2 young (16384K), 2 survivors (16384K)
 Metaspace       used 87341K, committed 87872K, reserved 1179648K
  class space    used 10832K, committed 11072K, reserved 1048576K
}

